d:\studia sem. 5\ja\ja-project\ja-project\x64\debug\asmdll2.lib
d:\studia sem. 5\ja\ja-project\ja-project\x64\debug\asmdll2.exp
d:\studia sem. 5\ja\ja-project\ja-project\asmdll2\x64\debug\asmdll2.pch
d:\studia sem. 5\ja\ja-project\ja-project\asmdll2\x64\debug\vc142.pdb
d:\studia sem. 5\ja\ja-project\ja-project\asmdll2\x64\debug\vc142.idb
d:\studia sem. 5\ja\ja-project\ja-project\asmdll2\x64\debug\pch.obj
d:\studia sem. 5\ja\ja-project\ja-project\asmdll2\x64\debug\dllmain.obj
d:\studia sem. 5\ja\ja-project\ja-project\x64\debug\asmdll2.ilk
d:\studia sem. 5\ja\ja-project\ja-project\x64\debug\asmdll2.dll
d:\studia sem. 5\ja\ja-project\ja-project\x64\debug\asmdll2.pdb
d:\studia sem. 5\ja\ja-project\ja-project\asmdll2\x64\debug\asmdll.obj
d:\studia sem. 5\ja\ja-project\ja-project\asmdll2\x64\debug\asmdll2.tlog\asmdll2.write.1u.tlog
d:\studia sem. 5\ja\ja-project\ja-project\asmdll2\x64\debug\asmdll2.tlog\cl.command.1.tlog
d:\studia sem. 5\ja\ja-project\ja-project\asmdll2\x64\debug\asmdll2.tlog\cl.read.1.tlog
d:\studia sem. 5\ja\ja-project\ja-project\asmdll2\x64\debug\asmdll2.tlog\cl.write.1.tlog
d:\studia sem. 5\ja\ja-project\ja-project\asmdll2\x64\debug\asmdll2.tlog\link.command.1.tlog
d:\studia sem. 5\ja\ja-project\ja-project\asmdll2\x64\debug\asmdll2.tlog\link.read.1.tlog
d:\studia sem. 5\ja\ja-project\ja-project\asmdll2\x64\debug\asmdll2.tlog\link.write.1.tlog
d:\studia sem. 5\ja\ja-project\ja-project\asmdll2\x64\debug\asmdll2.tlog\masm.read.1u.tlog
d:\studia sem. 5\ja\ja-project\ja-project\asmdll2\x64\debug\asmdll2.tlog\masm.write.1u.tlog
